{
  "0 debug pnpm:scope": {
    "selected": 1
  },
  "1 error pnpm": {
    "errno": 1,
    "code": "ELIFECYCLE",
    "pkgid": "template3@1.0.0",
    "stage": "dev",
    "script": "vite --mode development",
    "pkgname": "template3",
    "err": {
      "name": "pnpm",
      "message": "template3@1.0.0 dev: `vite --mode development`\nExit status 1",
      "code": "ELIFECYCLE",
      "stack": "pnpm: template3@1.0.0 dev: `vite --mode development`\nExit status 1\n    at EventEmitter.<anonymous> (D:\\softwareLearn\\nvm\\v16.13.1\\node_modules\\pnpm\\dist\\pnpm.cjs:103540:20)\n    at EventEmitter.emit (node:events:390:28)\n    at ChildProcess.<anonymous> (D:\\softwareLearn\\nvm\\v16.13.1\\node_modules\\pnpm\\dist\\pnpm.cjs:91469:18)\n    at ChildProcess.emit (node:events:390:28)\n    at maybeClose (node:internal/child_process:1064:16)\n    at Process.ChildProcess._handle.onexit (node:internal/child_process:301:5)"
    }
  },
  "2 warn pnpm:global": " Local package.json exists, but node_modules missing, did you mean to install?"
}